#
# There is insufficient memory for the Java Runtime Environment to continue.
# Native memory allocation (malloc) failed to allocate 1784256 bytes for Chunk::new
# Possible reasons:
#   The system is out of physical RAM or swap space
#   The process is running with CompressedOops enabled, and the Java Heap may be blocking the growth of the native heap
# Possible solutions:
#   Reduce memory load on the system
#   Increase physical memory or swap space
#   Check if swap backing store is full
#   Decrease Java heap size (-Xmx/-Xms)
#   Decrease number of Java threads
#   Decrease Java thread stack sizes (-Xss)
#   Set larger code cache with -XX:ReservedCodeCacheSize=
#   JVM is running with Unscaled Compressed Oops mode in which the Java heap is
#     placed in the first 4GB address space. The Java Heap base address is the
#     maximum limit for the native heap growth. Please use -XX:HeapBaseMinAddress
#     to set the Java Heap base and to place the Java Heap above 4GB virtual address.
# This output file may be truncated or incomplete.
#
#  Out of Memory Error (allocation.cpp:389), pid=33068, tid=0x00000000000034b8
#
# JRE version: OpenJDK Runtime Environment (8.0_242-b01) (build 1.8.0_242-release-1644-b01)
# Java VM: OpenJDK 64-Bit Server VM (25.242-b01 mixed mode windows-amd64 compressed oops)
# Failed to write core dump. Minidumps are not enabled by default on client versions of Windows
#

---------------  T H R E A D  ---------------

Current thread (0x0000000015e76800):  JavaThread "C2 CompilerThread2" daemon [_thread_in_native, id=13496, stack(0x0000000016920000,0x0000000016a20000)]

Stack: [0x0000000016920000,0x0000000016a20000]
[error occurred during error reporting (printing stack bounds), id 0xc0000005]

Native frames: (J=compiled Java code, j=interpreted, Vv=VM code, C=native code)


Current CompileTask:
C2: 136538 16092 %     4       com.android.tools.r8.dex.n::a @ 312 (910 bytes)


---------------  P R O C E S S  ---------------

Java Threads: ( => current thread )
  0x0000000017feb800 JavaThread "ForkJoinPool-1-worker-0" daemon [_thread_blocked, id=14600, stack(0x000000002cc10000,0x000000002cd10000)]
  0x0000000017ff0000 JavaThread "ForkJoinPool-1-worker-7" daemon [_thread_blocked, id=11428, stack(0x000000002cb10000,0x000000002cc10000)]
  0x0000000017fec000 JavaThread "ForkJoinPool-1-worker-6" daemon [_thread_blocked, id=42044, stack(0x000000002ca10000,0x000000002cb10000)]
  0x0000000017fef000 JavaThread "ForkJoinPool-1-worker-4" daemon [_thread_blocked, id=43148, stack(0x000000002c6c0000,0x000000002c7c0000)]
  0x000000001b9b3800 JavaThread "ForkJoinPool-1-worker-3" daemon [_thread_blocked, id=40700, stack(0x000000002c5c0000,0x000000002c6c0000)]
  0x000000001b9b4000 JavaThread "ForkJoinPool-1-worker-2" daemon [_thread_blocked, id=43204, stack(0x000000002c4c0000,0x000000002c5c0000)]
  0x000000001b9ba000 JavaThread "ForkJoinPool-1-worker-1" daemon [_thread_blocked, id=13916, stack(0x000000002c3c0000,0x000000002c4c0000)]
  0x000000001b9b8800 JavaThread "WorkerExecutor Queue Thread 8" [_thread_blocked, id=44696, stack(0x000000002bfc0000,0x000000002c0c0000)]
  0x000000001b9b5800 JavaThread "WorkerExecutor Queue Thread 7" [_thread_in_Java, id=8560, stack(0x000000002bec0000,0x000000002bfc0000)]
  0x000000001b9b5000 JavaThread "WorkerExecutor Queue Thread 6" [_thread_blocked, id=45196, stack(0x000000002bdc0000,0x000000002bec0000)]
  0x000000001b9b8000 JavaThread "WorkerExecutor Queue Thread 5" [_thread_blocked, id=42672, stack(0x000000002bcc0000,0x000000002bdc0000)]
  0x000000001b9b7000 JavaThread "WorkerExecutor Queue Thread 4" [_thread_blocked, id=22732, stack(0x000000002bbc0000,0x000000002bcc0000)]
  0x000000001b9b6800 JavaThread "WorkerExecutor Queue Thread 3" [_thread_blocked, id=44524, stack(0x000000002b760000,0x000000002b860000)]
  0x000000001b7c8000 JavaThread "stdout" [_thread_in_native, id=42116, stack(0x000000002b660000,0x000000002b760000)]
  0x000000001b7ce000 JavaThread "stderr" [_thread_in_native, id=15840, stack(0x000000002b560000,0x000000002b660000)]
  0x000000001b7c6800 JavaThread "pool-6-thread-1" [_thread_blocked, id=32712, stack(0x000000002b460000,0x000000002b560000)]
  0x000000001b7cd000 JavaThread "WorkerExecutor Queue Thread 2" [_thread_blocked, id=316, stack(0x000000002b360000,0x000000002b460000)]
  0x000000001b7c5800 JavaThread "WorkerExecutor Queue" [_thread_in_Java, id=31840, stack(0x0000000029bf0000,0x0000000029cf0000)]
  0x000000001b7cb800 JavaThread "Cache worker for execution history cache (C:\Users\shokimurti\Desktop\projeler\spect_assignment\android\.gradle\6.7\executionHistory)" [_thread_blocked, id=38392, stack(0x00000000298f0000,0x00000000299f0000)]
  0x000000001b7cb000 JavaThread "Execution worker for ':' Thread 7" [_thread_blocked, id=10976, stack(0x00000000290f0000,0x00000000291f0000)]
  0x000000001b7ca000 JavaThread "Execution worker for ':' Thread 6" [_thread_blocked, id=40940, stack(0x0000000028df0000,0x0000000028ef0000)]
  0x000000001b144800 JavaThread "Execution worker for ':' Thread 5" [_thread_blocked, id=4280, stack(0x0000000028cf0000,0x0000000028df0000)]
  0x000000001b143000 JavaThread "Execution worker for ':' Thread 4" [_thread_blocked, id=43796, stack(0x0000000028bf0000,0x0000000028cf0000)]
  0x000000001b146000 JavaThread "Execution worker for ':' Thread 3" [_thread_blocked, id=33220, stack(0x00000000284f0000,0x00000000285f0000)]
  0x000000001b142800 JavaThread "Execution worker for ':' Thread 2" [_thread_blocked, id=46024, stack(0x0000000025e40000,0x0000000025f40000)]
  0x000000001b144000 JavaThread "Execution worker for ':'" [_thread_blocked, id=42476, stack(0x0000000024d40000,0x0000000024e40000)]
  0x000000001b145800 JavaThread "Build operations Thread 8" [_thread_blocked, id=11444, stack(0x000000001ef40000,0x000000001f040000)]
  0x000000001b13b000 JavaThread "Build operations Thread 7" [_thread_blocked, id=8744, stack(0x000000001ee40000,0x000000001ef40000)]
  0x000000001b13a000 JavaThread "Build operations Thread 6" [_thread_blocked, id=42928, stack(0x000000001ed40000,0x000000001ee40000)]
  0x000000001b13d000 JavaThread "Build operations Thread 5" [_thread_blocked, id=40208, stack(0x000000001ec40000,0x000000001ed40000)]
  0x000000001b140000 JavaThread "Build operations Thread 4" [_thread_blocked, id=20948, stack(0x000000001eb40000,0x000000001ec40000)]
  0x00000000161e8000 JavaThread "Build operations Thread 3" [_thread_blocked, id=6044, stack(0x000000001ea40000,0x000000001eb40000)]
  0x00000000161e7800 JavaThread "Build operations Thread 2" [_thread_blocked, id=17240, stack(0x000000001e740000,0x000000001e840000)]
  0x00000000161ea800 JavaThread "Build operations" [_thread_blocked, id=45800, stack(0x000000001df40000,0x000000001e040000)]
  0x00000000161e6800 JavaThread "Cache worker for Build Output Cleanup Cache (C:\Users\shokimurti\Desktop\projeler\spect_assignment\android\.gradle\buildOutputCleanup)" [_thread_blocked, id=26436, stack(0x000000001d740000,0x000000001d840000)]
  0x00000000161de800 JavaThread "Cache worker for cache directory md-rule (C:\Users\shokimurti\.gradle\caches\6.7\md-rule)" [_thread_blocked, id=32800, stack(0x000000001d640000,0x000000001d740000)]
  0x00000000161e5000 JavaThread "Cache worker for cache directory md-supplier (C:\Users\shokimurti\.gradle\caches\6.7\md-supplier)" [_thread_blocked, id=43960, stack(0x000000001d540000,0x000000001d640000)]
  0x00000000161dd800 JavaThread "Cache worker for checksums cache (C:\Users\shokimurti\Desktop\projeler\spect_assignment\android\.gradle\checksums)" [_thread_blocked, id=8000, stack(0x000000001cfe0000,0x000000001d0e0000)]
  0x00000000161e4800 JavaThread "Cache worker for file hash cache (C:\Users\shokimurti\Desktop\projeler\spect_assignment\android\.gradle\6.7\fileHashes)" [_thread_blocked, id=44736, stack(0x000000001a840000,0x000000001a940000)]
  0x00000000161dc800 JavaThread "Thread-255" [_thread_blocked, id=24472, stack(0x000000001a740000,0x000000001a840000)]
  0x00000000161e3800 JavaThread "Stdin handler" [_thread_blocked, id=45392, stack(0x000000001a640000,0x000000001a740000)]
  0x00000000161e0800 JavaThread "Asynchronous log dispatcher for DefaultDaemonConnection: socket connection from /127.0.0.1:49293 to /127.0.0.1:49383" [_thread_blocked, id=22644, stack(0x0000000000be0000,0x0000000000ce0000)]
  0x00000000161df000 JavaThread "Cancel handler" [_thread_blocked, id=44756, stack(0x0000000000ae0000,0x0000000000be0000)]
  0x00000000161e3000 JavaThread "Handler for socket connection from /127.0.0.1:49293 to /127.0.0.1:49383" [_thread_in_native, id=19320, stack(0x00000000009e0000,0x0000000000ae0000)]
  0x00000000161e0000 JavaThread "jar transforms Thread 183" [_thread_blocked, id=42068, stack(0x0000000024c40000,0x0000000024d40000)]
  0x00000000161e1800 JavaThread "jar transforms Thread 182" [_thread_blocked, id=41092, stack(0x0000000024b40000,0x0000000024c40000)]
  0x00000000161db000 JavaThread "jar transforms Thread 181" [_thread_blocked, id=20800, stack(0x0000000024a40000,0x0000000024b40000)]
  0x00000000161e2000 JavaThread "jar transforms Thread 180" [_thread_blocked, id=28796, stack(0x0000000024940000,0x0000000024a40000)]
  0x00000000161dc000 JavaThread "jar transforms Thread 179" [_thread_blocked, id=7092, stack(0x0000000024840000,0x0000000024940000)]
  0x000000001bd48000 JavaThread "jar transforms Thread 178" [_thread_blocked, id=37484, stack(0x0000000024740000,0x0000000024840000)]
  0x000000001bd46800 JavaThread "jar transforms Thread 177" [_thread_blocked, id=43968, stack(0x0000000024640000,0x0000000024740000)]
  0x000000001bd45800 JavaThread "jar transforms Thread 176" [_thread_blocked, id=40388, stack(0x0000000024540000,0x0000000024640000)]
  0x000000001bd45000 JavaThread "jar transforms Thread 175" [_thread_blocked, id=45952, stack(0x0000000024440000,0x0000000024540000)]
  0x000000001bd47000 JavaThread "jar transforms Thread 174" [_thread_blocked, id=22424, stack(0x0000000024340000,0x0000000024440000)]
  0x000000001bd4b000 JavaThread "jar transforms Thread 173" [_thread_blocked, id=43832, stack(0x0000000024240000,0x0000000024340000)]
  0x000000001bd49800 JavaThread "jar transforms Thread 172" [_thread_blocked, id=1872, stack(0x0000000024140000,0x0000000024240000)]
  0x000000001bd4a000 JavaThread "jar transforms Thread 171" [_thread_blocked, id=39008, stack(0x0000000024040000,0x0000000024140000)]
  0x000000001bd48800 JavaThread "jar transforms Thread 170" [_thread_blocked, id=43420, stack(0x0000000023f40000,0x0000000024040000)]
  0x000000001bd3d800 JavaThread "jar transforms Thread 169" [_thread_blocked, id=40024, stack(0x0000000023e40000,0x0000000023f40000)]
  0x000000001bd44000 JavaThread "jar transforms Thread 168" [_thread_blocked, id=39700, stack(0x0000000023d40000,0x0000000023e40000)]
  0x000000001bd43800 JavaThread "jar transforms Thread 167" [_thread_blocked, id=39240, stack(0x0000000023c40000,0x0000000023d40000)]
  0x000000001bd3c000 JavaThread "jar transforms Thread 166" [_thread_blocked, id=3476, stack(0x0000000023b40000,0x0000000023c40000)]
  0x000000001bd3c800 JavaThread "jar transforms Thread 165" [_thread_blocked, id=45904, stack(0x0000000023a40000,0x0000000023b40000)]
  0x000000001bd42000 JavaThread "jar transforms Thread 164" [_thread_blocked, id=8364, stack(0x0000000023940000,0x0000000023a40000)]
  0x000000001bd42800 JavaThread "jar transforms Thread 163" [_thread_blocked, id=33428, stack(0x0000000023840000,0x0000000023940000)]
  0x000000001bd41000 JavaThread "jar transforms Thread 162" [_thread_blocked, id=45216, stack(0x0000000023740000,0x0000000023840000)]
  0x000000001bd3f800 JavaThread "jar transforms Thread 161" [_thread_blocked, id=37964, stack(0x0000000023540000,0x0000000023640000)]
  0x000000001bd3e000 JavaThread "jar transforms Thread 160" [_thread_blocked, id=8148, stack(0x0000000023440000,0x0000000023540000)]
  0x000000001bd40800 JavaThread "jar transforms Thread 159" [_thread_blocked, id=12260, stack(0x0000000023340000,0x0000000023440000)]
  0x000000001bd3f000 JavaThread "jar transforms Thread 158" [_thread_blocked, id=23364, stack(0x0000000023240000,0x0000000023340000)]
  0x0000000017efe800 JavaThread "jar transforms Thread 157" [_thread_blocked, id=10244, stack(0x0000000023140000,0x0000000023240000)]
  0x0000000017efe000 JavaThread "jar transforms Thread 156" [_thread_blocked, id=43548, stack(0x0000000023040000,0x0000000023140000)]
  0x0000000017efd000 JavaThread "jar transforms Thread 155" [_thread_blocked, id=43488, stack(0x0000000022f40000,0x0000000023040000)]
  0x0000000017efc800 JavaThread "jar transforms Thread 154" [_thread_blocked, id=21524, stack(0x0000000022e40000,0x0000000022f40000)]
  0x0000000017efb800 JavaThread "jar transforms Thread 153" [_thread_blocked, id=34700, stack(0x0000000022d40000,0x0000000022e40000)]
  0x0000000017eff800 JavaThread "jar transforms Thread 152" [_thread_blocked, id=4732, stack(0x0000000022c40000,0x0000000022d40000)]
  0x0000000017ef4000 JavaThread "jar transforms Thread 151" [_thread_blocked, id=45292, stack(0x0000000022b40000,0x0000000022c40000)]
  0x0000000017efb000 JavaThread "jar transforms Thread 150" [_thread_blocked, id=24760, stack(0x0000000022a40000,0x0000000022b40000)]
  0x0000000017ef7000 JavaThread "jar transforms Thread 149" [_thread_blocked, id=33484, stack(0x0000000022940000,0x0000000022a40000)]
  0x0000000017ef3800 JavaThread "jar transforms Thread 148" [_thread_blocked, id=37620, stack(0x0000000022840000,0x0000000022940000)]
  0x0000000017ef5000 JavaThread "jar transforms Thread 147" [_thread_blocked, id=26016, stack(0x0000000022740000,0x0000000022840000)]
  0x0000000017efa000 JavaThread "jar transforms Thread 146" [_thread_blocked, id=32460, stack(0x0000000022640000,0x0000000022740000)]
  0x0000000017ef8000 JavaThread "jar transforms Thread 145" [_thread_blocked, id=44988, stack(0x0000000022540000,0x0000000022640000)]
  0x0000000017ef6800 JavaThread "jar transforms Thread 144" [_thread_blocked, id=31820, stack(0x0000000022440000,0x0000000022540000)]
  0x0000000017ef2800 JavaThread "jar transforms Thread 143" [_thread_blocked, id=32804, stack(0x0000000022340000,0x0000000022440000)]
  0x0000000017ef9800 JavaThread "jar transforms Thread 142" [_thread_blocked, id=44432, stack(0x0000000022240000,0x0000000022340000)]
  0x0000000017ef8800 JavaThread "jar transforms Thread 141" [_thread_blocked, id=11116, stack(0x0000000022140000,0x0000000022240000)]
  0x0000000017ef5800 JavaThread "jar transforms Thread 140" [_thread_blocked, id=32276, stack(0x0000000022040000,0x0000000022140000)]
  0x0000000017ef0800 JavaThread "jar transforms Thread 139" [_thread_blocked, id=41484, stack(0x0000000021f40000,0x0000000022040000)]
  0x0000000017ef1000 JavaThread "jar transforms Thread 138" [_thread_blocked, id=37268, stack(0x0000000021e40000,0x0000000021f40000)]
  0x0000000017ef2000 JavaThread "jar transforms Thread 137" [_thread_blocked, id=34876, stack(0x0000000021d40000,0x0000000021e40000)]
  0x0000000016032000 JavaThread "jar transforms Thread 136" [_thread_blocked, id=21564, stack(0x0000000021c40000,0x0000000021d40000)]
  0x0000000016031000 JavaThread "jar transforms Thread 135" [_thread_blocked, id=45136, stack(0x0000000021b40000,0x0000000021c40000)]
  0x0000000016030800 JavaThread "jar transforms Thread 134" [_thread_blocked, id=44612, stack(0x0000000021a40000,0x0000000021b40000)]
  0x000000001602f800 JavaThread "jar transforms Thread 133" [_thread_blocked, id=40792, stack(0x0000000021940000,0x0000000021a40000)]
  0x000000001602f000 JavaThread "jar transforms Thread 132" [_thread_blocked, id=26212, stack(0x0000000021840000,0x0000000021940000)]
  0x0000000016033800 JavaThread "jar transforms Thread 131" [_thread_blocked, id=7528, stack(0x0000000021740000,0x0000000021840000)]
  0x0000000016034000 JavaThread "jar transforms Thread 130" [_thread_blocked, id=36980, stack(0x0000000021640000,0x0000000021740000)]
  0x0000000016032800 JavaThread "jar transforms Thread 129" [_thread_blocked, id=3136, stack(0x0000000021540000,0x0000000021640000)]
  0x0000000016035800 JavaThread "jar transforms Thread 128" [_thread_blocked, id=6324, stack(0x0000000021440000,0x0000000021540000)]
  0x0000000016035000 JavaThread "jar transforms Thread 127" [_thread_blocked, id=34284, stack(0x0000000021340000,0x0000000021440000)]
  0x0000000015e76000 JavaThread "jar transforms Thread 126" [_thread_blocked, id=34332, stack(0x0000000021240000,0x0000000021340000)]
  0x0000000015e75000 JavaThread "jar transforms Thread 125" [_thread_blocked, id=39168, stack(0x0000000021140000,0x0000000021240000)]
  0x0000000015e78000 JavaThread "jar transforms Thread 124" [_thread_blocked, id=2852, stack(0x0000000021040000,0x0000000021140000)]
  0x0000000015e74800 JavaThread "jar transforms Thread 123" [_thread_blocked, id=39304, stack(0x0000000020f40000,0x0000000021040000)]
  0x0000000015e73000 JavaThread "jar transforms Thread 122" [_thread_blocked, id=18332, stack(0x0000000020e40000,0x0000000020f40000)]
  0x000000001b7d4000 JavaThread "jar transforms Thread 121" [_thread_blocked, id=24660, stack(0x0000000020d40000,0x0000000020e40000)]
  0x000000001b7d3000 JavaThread "jar transforms Thread 120" [_thread_blocked, id=43032, stack(0x0000000020c40000,0x0000000020d40000)]
  0x000000001b7d4800 JavaThread "jar transforms Thread 119" [_thread_blocked, id=12704, stack(0x0000000020b40000,0x0000000020c40000)]
  0x000000001b7d2800 JavaThread "jar transforms Thread 118" [_thread_blocked, id=17316, stack(0x0000000020a40000,0x0000000020b40000)]
  0x000000001b7d1800 JavaThread "jar transforms Thread 117" [_thread_blocked, id=43776, stack(0x0000000020940000,0x0000000020a40000)]
  0x000000001b7d1000 JavaThread "jar transforms Thread 116" [_thread_blocked, id=6584, stack(0x0000000020840000,0x0000000020940000)]
  0x000000001b7c9800 JavaThread "jar transforms Thread 115" [_thread_blocked, id=40096, stack(0x0000000020740000,0x0000000020840000)]
  0x000000001b7d0000 JavaThread "jar transforms Thread 114" [_thread_blocked, id=42844, stack(0x0000000020640000,0x0000000020740000)]
  0x000000001b7c8800 JavaThread "jar transforms Thread 113" [_thread_blocked, id=7868, stack(0x0000000020540000,0x0000000020640000)]
  0x000000001b7cf800 JavaThread "jar transforms Thread 112" [_thread_blocked, id=8012, stack(0x0000000020440000,0x0000000020540000)]
  0x000000001b7ce800 JavaThread "jar transforms Thread 111" [_thread_blocked, id=11340, stack(0x0000000020340000,0x0000000020440000)]
  0x0000000017667800 JavaThread "jar transforms Thread 110" [_thread_blocked, id=42584, stack(0x0000000020240000,0x0000000020340000)]
  0x0000000017669000 JavaThread "jar transforms Thread 109" [_thread_blocked, id=45236, stack(0x0000000020140000,0x0000000020240000)]
  0x0000000017666000 JavaThread "jar transforms Thread 108" [_thread_blocked, id=21816, stack(0x0000000020040000,0x0000000020140000)]
  0x000000001765e800 JavaThread "jar transforms Thread 107" [_thread_blocked, id=10300, stack(0x000000001ff40000,0x0000000020040000)]
  0x0000000017665800 JavaThread "jar transforms Thread 106" [_thread_blocked, id=44348, stack(0x000000001fe40000,0x000000001ff40000)]
  0x000000001765e000 JavaThread "jar transforms Thread 105" [_thread_blocked, id=37272, stack(0x000000001fd40000,0x000000001fe40000)]
  0x0000000017664800 JavaThread "jar transforms Thread 104" [_thread_blocked, id=44932, stack(0x000000001fc40000,0x000000001fd40000)]
  0x000000001765d000 JavaThread "jar transforms Thread 103" [_thread_blocked, id=45820, stack(0x000000001fb40000,0x000000001fc40000)]
  0x0000000017661800 JavaThread "jar transforms Thread 102" [_thread_blocked, id=34732, stack(0x000000001fa40000,0x000000001fb40000)]
  0x000000001765b800 JavaThread "jar transforms Thread 101" [_thread_blocked, id=40856, stack(0x000000001f940000,0x000000001fa40000)]
  0x0000000017662800 JavaThread "jar transforms Thread 100" [_thread_blocked, id=40916, stack(0x000000001f840000,0x000000001f940000)]
  0x000000001765a000 JavaThread "jar transforms Thread 99" [_thread_blocked, id=38516, stack(0x000000001f740000,0x000000001f840000)]
  0x000000001765c800 JavaThread "jar transforms Thread 98" [_thread_blocked, id=41684, stack(0x000000001f640000,0x000000001f740000)]
  0x000000001b149000 JavaThread "jar transforms Thread 97" [_thread_blocked, id=38040, stack(0x000000001f540000,0x000000001f640000)]
  0x000000001b141800 JavaThread "jar transforms Thread 96" [_thread_blocked, id=35188, stack(0x000000001f440000,0x000000001f540000)]
  0x000000001b148800 JavaThread "jar transforms Thread 95" [_thread_blocked, id=45088, stack(0x000000001f340000,0x000000001f440000)]
  0x000000001b147800 JavaThread "jar transforms Thread 94" [_thread_blocked, id=14476, stack(0x000000001f240000,0x000000001f340000)]
  0x000000001b147000 JavaThread "jar transforms Thread 93" [_thread_blocked, id=10816, stack(0x000000001f040000,0x000000001f140000)]
  0x000000001765b000 JavaThread "Memory manager" [_thread_blocked, id=45164, stack(0x0000000025540000,0x0000000025640000)]
  0x000000001765f800 JavaThread "jar transforms Thread 92" [_thread_blocked, id=36592, stack(0x0000000024e40000,0x0000000024f40000)]
  0x000000001b13e000 JavaThread "Cache worker for file content cache (C:\Users\shokimurti\.gradle\caches\6.7\fileContent)" [_thread_blocked, id=9420, stack(0x000000001e040000,0x000000001e140000)]
  0x0000000015e73800 JavaThread "Cache worker for execution history cache (C:\Users\shokimurti\.gradle\caches\6.7\executionHistory)" [_thread_blocked, id=33972, stack(0x000000001d840000,0x000000001d940000)]
  0x0000000015e77800 JavaThread "Cache worker for journal cache (C:\Users\shokimurti\.gradle\caches\journal-1)" [_thread_blocked, id=11796, stack(0x000000001ad40000,0x000000001ae40000)]
  0x0000000015e79000 JavaThread "File lock request listener" [_thread_in_native, id=41880, stack(0x000000001ac40000,0x000000001ad40000)]
  0x0000000018ed0800 JavaThread "Cache worker for file hash cache (C:\Users\shokimurti\.gradle\caches\6.7\fileHashes)" [_thread_blocked, id=41520, stack(0x000000001ab40000,0x000000001ac40000)]
  0x0000000018bf9800 JavaThread "Daemon worker" [_thread_blocked, id=21692, stack(0x000000001a540000,0x000000001a640000)]
  0x0000000018c72800 JavaThread "Daemon" [_thread_blocked, id=44340, stack(0x000000001a040000,0x000000001a140000)]
  0x0000000018c59000 JavaThread "Daemon periodic checks" [_thread_blocked, id=20600, stack(0x0000000019f40000,0x000000001a040000)]
  0x0000000018bd8000 JavaThread "Incoming local TCP Connector on port 49293" [_thread_in_native, id=20444, stack(0x0000000019d00000,0x0000000019e00000)]
  0x0000000018b15000 JavaThread "Daemon health stats" [_thread_blocked, id=33696, stack(0x00000000196c0000,0x00000000197c0000)]
  0x0000000015f0b000 JavaThread "Service Thread" daemon [_thread_blocked, id=44484, stack(0x0000000016b20000,0x0000000016c20000)]
  0x0000000015e79800 JavaThread "C1 CompilerThread3" daemon [_thread_in_native, id=39616, stack(0x0000000016a20000,0x0000000016b20000)]
=>0x0000000015e76800 JavaThread "C2 CompilerThread2" daemon [_thread_in_native, id=13496, stack(0x0000000016920000,0x0000000016a20000)]
  0x0000000015e63800 JavaThread "C2 CompilerThread1" daemon [_thread_in_native, id=38996, stack(0x0000000016820000,0x0000000016920000)]
  0x0000000015e5f800 JavaThread "C2 CompilerThread0" daemon [_thread_in_native, id=32084, stack(0x0000000016720000,0x0000000016820000)]
  0x0000000015e5e000 JavaThread "Attach Listener" daemon [_thread_blocked, id=42080, stack(0x0000000016620000,0x0000000016720000)]
  0x0000000015e5d000 JavaThread "Signal Dispatcher" daemon [_thread_blocked, id=45708, stack(0x0000000016520000,0x0000000016620000)]
  0x0000000015e50800 JavaThread "Finalizer" daemon [_thread_blocked, id=33224, stack(0x0000000016330000,0x0000000016430000)]
  0x00000000027c8800 JavaThread "Reference Handler" daemon [_thread_blocked, id=44840, stack(0x0000000016230000,0x0000000016330000)]
  0x0000000000d8e000 JavaThread "main" [_thread_blocked, id=39232, stack(0x00000000025d0000,0x00000000026d0000)]

Other Threads:
  0x0000000014037000 VMThread [stack: 0x0000000015d30000,0x0000000015e30000] [id=14340]
  0x0000000015f0c000 WatcherThread [stack: 0x0000000016c20000,0x0000000016d20000] [id=33020]

VM state:not at safepoint (normal execution)

VM Mutex/Monitor currently owned by a thread: None

heap address: 0x00000000e0000000, size: 512 MB, Compressed Oops mode: 32-bit
Narrow klass base: 0x0000000000000000, Narrow klass shift: 3
Compressed class space size: 1073741824 Address: 0x0000000100000000

Heap:
 PSYoungGen      total 114176K, used 43272K [0x00000000f5580000, 0x00000000ffd80000, 0x0000000100000000)
  eden space 61440K, 60% used [0x00000000f5580000,0x00000000f79a88d0,0x00000000f9180000)
  from space 52736K, 11% used [0x00000000fca00000,0x00000000fd019818,0x00000000ffd80000)
  to   space 55296K, 0% used [0x00000000f9180000,0x00000000f9180000,0x00000000fc780000)
 ParOldGen       total 207872K, used 147003K [0x00000000e0000000, 0x00000000ecb00000, 0x00000000f5580000)
  object space 207872K, 70% used [0x00000000e0000000,0x00000000e8f8eef8,0x00000000ecb00000)
 Metaspace       used 95363K, capacity 102677K, committed 102784K, reserved 1138688K
  class space    used 12811K, capacity 14187K, committed 14208K, reserved 1048576K

Card table byte_map: [0x0000000011b90000,0x0000000011ca0000] byte_map_base: 0x0000000011490000

Marking Bits: (ParMarkBitMap*) 0x000000005564f030
 Begin Bits: [0x0000000012550000, 0x0000000012d50000)
 End Bits:   [0x0000000012d50000, 0x0000000013550000)

Polling page: 0x0000000000d70000

CodeCache: size=245760Kb used=49125Kb max_used=49141Kb free=196634Kb
 bounds [0x00000000027d0000, 0x0000000005810000, 0x00000000117d0000]
 total_blobs=15951 nmethods=15047 adapters=817
 compilation: enabled

Compilation events (10 events):
Event: 136.497 Thread 0x0000000015e79800 18126       3       com.android.tools.r8.code.i2::a (1 bytes)
Event: 136.497 Thread 0x0000000015e79800 nmethod 18126 0x00000000057df650 code [0x00000000057df7a0, 0x00000000057df8f0]
Event: 136.500 Thread 0x0000000015e79800 18127       1       com.android.tools.r8.code.a3::a (1 bytes)
Event: 136.501 Thread 0x0000000015e79800 nmethod 18127 0x00000000057e7850 code [0x00000000057e79a0, 0x00000000057e7ab0]
Event: 136.502 Thread 0x0000000015e79800 18128       3       com.android.tools.r8.code.e2::a (1 bytes)
Event: 136.503 Thread 0x0000000015e79800 nmethod 18128 0x00000000057e7b10 code [0x00000000057e7c60, 0x00000000057e7db0]
Event: 136.517 Thread 0x0000000015e63800 nmethod 17988 0x00000000057ecb10 code [0x00000000057ecea0, 0x00000000057eee60]
Event: 136.517 Thread 0x0000000015e63800 18124       4       java.util.TimSort::mergeLo (659 bytes)
Event: 136.525 Thread 0x0000000015e79800 18129       3       com.android.tools.r8.dex.t::a (46 bytes)
Event: 136.525 Thread 0x0000000015e79800 nmethod 18129 0x00000000057ec250 code [0x00000000057ec400, 0x00000000057ec968]

GC Heap History (10 events):
Event: 129.546 GC heap before
{Heap before GC invocations=24 (full 3):
 PSYoungGen      total 131072K, used 127902K [0x00000000f5580000, 0x0000000100000000, 0x0000000100000000)
  eden space 99840K, 100% used [0x00000000f5580000,0x00000000fb700000,0x00000000fb700000)
  from space 31232K, 89% used [0x00000000fe180000,0x00000000ffce7908,0x0000000100000000)
  to   space 37376K, 0% used [0x00000000fb700000,0x00000000fb700000,0x00000000fdb80000)
 ParOldGen       total 207872K, used 83965K [0x00000000e0000000, 0x00000000ecb00000, 0x00000000f5580000)
  object space 207872K, 40% used [0x00000000e0000000,0x00000000e51ff6b8,0x00000000ecb00000)
 Metaspace       used 91052K, capacity 97738K, committed 97792K, reserved 1134592K
  class space    used 12275K, capacity 13550K, committed 13568K, reserved 1048576K
Event: 129.629 GC heap after
Heap after GC invocations=24 (full 3):
 PSYoungGen      total 137216K, used 37348K [0x00000000f5580000, 0x0000000100000000, 0x0000000100000000)
  eden space 99840K, 0% used [0x00000000f5580000,0x00000000f5580000,0x00000000fb700000)
  from space 37376K, 99% used [0x00000000fb700000,0x00000000fdb79248,0x00000000fdb80000)
  to   space 37376K, 0% used [0x00000000fdb80000,0x00000000fdb80000,0x0000000100000000)
 ParOldGen       total 207872K, used 107392K [0x00000000e0000000, 0x00000000ecb00000, 0x00000000f5580000)
  object space 207872K, 51% used [0x00000000e0000000,0x00000000e68e0280,0x00000000ecb00000)
 Metaspace       used 91052K, capacity 97738K, committed 97792K, reserved 1134592K
  class space    used 12275K, capacity 13550K, committed 13568K, reserved 1048576K
}
Event: 130.141 GC heap before
{Heap before GC invocations=25 (full 3):
 PSYoungGen      total 137216K, used 58995K [0x00000000f5580000, 0x0000000100000000, 0x0000000100000000)
  eden space 99840K, 21% used [0x00000000f5580000,0x00000000f6aa3ba8,0x00000000fb700000)
  from space 37376K, 99% used [0x00000000fb700000,0x00000000fdb79248,0x00000000fdb80000)
  to   space 37376K, 0% used [0x00000000fdb80000,0x00000000fdb80000,0x0000000100000000)
 ParOldGen       total 207872K, used 107392K [0x00000000e0000000, 0x00000000ecb00000, 0x00000000f5580000)
  object space 207872K, 51% used [0x00000000e0000000,0x00000000e68e0280,0x00000000ecb00000)
 Metaspace       used 91596K, capacity 98449K, committed 98496K, reserved 1134592K
  class space    used 12365K, capacity 13696K, committed 13696K, reserved 1048576K
Event: 130.247 GC heap after
Heap after GC invocations=25 (full 3):
 PSYoungGen      total 96256K, used 37369K [0x00000000f5580000, 0x0000000100000000, 0x0000000100000000)
  eden space 58880K, 0% used [0x00000000f5580000,0x00000000f5580000,0x00000000f8f00000)
  from space 37376K, 99% used [0x00000000fdb80000,0x00000000ffffe528,0x0000000100000000)
  to   space 57856K, 0% used [0x00000000f8f00000,0x00000000f8f00000,0x00000000fc780000)
 ParOldGen       total 207872K, used 118355K [0x00000000e0000000, 0x00000000ecb00000, 0x00000000f5580000)
  object space 207872K, 56% used [0x00000000e0000000,0x00000000e7394e68,0x00000000ecb00000)
 Metaspace       used 91596K, capacity 98449K, committed 98496K, reserved 1134592K
  class space    used 12365K, capacity 13696K, committed 13696K, reserved 1048576K
}
Event: 130.247 GC heap before
{Heap before GC invocations=26 (full 4):
 PSYoungGen      total 96256K, used 37369K [0x00000000f5580000, 0x0000000100000000, 0x0000000100000000)
  eden space 58880K, 0% used [0x00000000f5580000,0x00000000f5580000,0x00000000f8f00000)
  from space 37376K, 99% used [0x00000000fdb80000,0x00000000ffffe528,0x0000000100000000)
  to   space 57856K, 0% used [0x00000000f8f00000,0x00000000f8f00000,0x00000000fc780000)
 ParOldGen       total 207872K, used 118355K [0x00000000e0000000, 0x00000000ecb00000, 0x00000000f5580000)
  object space 207872K, 56% used [0x00000000e0000000,0x00000000e7394e68,0x00000000ecb00000)
 Metaspace       used 91596K, capacity 98449K, committed 98496K, reserved 1134592K
  class space    used 12365K, capacity 13696K, committed 13696K, reserved 1048576K
Event: 132.724 GC heap after
Heap after GC invocations=26 (full 4):
 PSYoungGen      total 96256K, used 0K [0x00000000f5580000, 0x0000000100000000, 0x0000000100000000)
  eden space 58880K, 0% used [0x00000000f5580000,0x00000000f5580000,0x00000000f8f00000)
  from space 37376K, 0% used [0x00000000fdb80000,0x00000000fdb80000,0x0000000100000000)
  to   space 57856K, 0% used [0x00000000f8f00000,0x00000000f8f00000,0x00000000fc780000)
 ParOldGen       total 207872K, used 125882K [0x00000000e0000000, 0x00000000ecb00000, 0x00000000f5580000)
  object space 207872K, 60% used [0x00000000e0000000,0x00000000e7aee920,0x00000000ecb00000)
 Metaspace       used 91331K, capacity 97793K, committed 98496K, reserved 1134592K
  class space    used 12271K, capacity 13526K, committed 13696K, reserved 1048576K
}
Event: 133.499 GC heap before
{Heap before GC invocations=27 (full 4):
 PSYoungGen      total 96256K, used 58880K [0x00000000f5580000, 0x0000000100000000, 0x0000000100000000)
  eden space 58880K, 100% used [0x00000000f5580000,0x00000000f8f00000,0x00000000f8f00000)
  from space 37376K, 0% used [0x00000000fdb80000,0x00000000fdb80000,0x0000000100000000)
  to   space 57856K, 0% used [0x00000000f8f00000,0x00000000f8f00000,0x00000000fc780000)
 ParOldGen       total 207872K, used 125882K [0x00000000e0000000, 0x00000000ecb00000, 0x00000000f5580000)
  object space 207872K, 60% used [0x00000000e0000000,0x00000000e7aee920,0x00000000ecb00000)
 Metaspace       used 93495K, capacity 100493K, committed 100608K, reserved 1136640K
  class space    used 12645K, capacity 13979K, committed 14080K, reserved 1048576K
Event: 133.604 GC heap after
Heap after GC invocations=27 (full 4):
 PSYoungGen      total 116736K, used 23595K [0x00000000f5580000, 0x0000000100000000, 0x0000000100000000)
  eden space 58880K, 0% used [0x00000000f5580000,0x00000000f5580000,0x00000000f8f00000)
  from space 57856K, 40% used [0x00000000f8f00000,0x00000000fa60adb8,0x00000000fc780000)
  to   space 55296K, 0% used [0x00000000fca00000,0x00000000fca00000,0x0000000100000000)
 ParOldGen       total 207872K, used 125882K [0x00000000e0000000, 0x00000000ecb00000, 0x00000000f5580000)
  object space 207872K, 60% used [0x00000000e0000000,0x00000000e7aee920,0x00000000ecb00000)
 Metaspace       used 93495K, capacity 100493K, committed 100608K, reserved 1136640K
  class space    used 12645K, capacity 13979K, committed 14080K, reserved 1048576K
}
Event: 135.217 GC heap before
{Heap before GC invocations=28 (full 4):
 PSYoungGen      total 116736K, used 82292K [0x00000000f5580000, 0x0000000100000000, 0x0000000100000000)
  eden space 58880K, 99% used [0x00000000f5580000,0x00000000f8ed23c8,0x00000000f8f00000)
  from space 57856K, 40% used [0x00000000f8f00000,0x00000000fa60adb8,0x00000000fc780000)
  to   space 55296K, 0% used [0x00000000fca00000,0x00000000fca00000,0x0000000100000000)
 ParOldGen       total 207872K, used 125882K [0x00000000e0000000, 0x00000000ecb00000, 0x00000000f5580000)
  object space 207872K, 60% used [0x00000000e0000000,0x00000000e7aee920,0x00000000ecb00000)
 Metaspace       used 94812K, capacity 101897K, committed 102016K, reserved 1136640K
  class space    used 12761K, capacity 14107K, committed 14208K, reserved 1048576K
Event: 135.542 GC heap after
Heap after GC invocations=28 (full 4):
 PSYoungGen      total 114176K, used 6246K [0x00000000f5580000, 0x00000000ffd80000, 0x0000000100000000)
  eden space 61440K, 0% used [0x00000000f5580000,0x00000000f5580000,0x00000000f9180000)
  from space 52736K, 11% used [0x00000000fca00000,0x00000000fd019818,0x00000000ffd80000)
  to   space 55296K, 0% used [0x00000000f9180000,0x00000000f9180000,0x00000000fc780000)
 ParOldGen       total 207872K, used 147003K [0x00000000e0000000, 0x00000000ecb00000, 0x00000000f5580000)
  object space 207872K, 70% used [0x00000000e0000000,0x00000000e8f8eef8,0x00000000ecb00000)
 Metaspace       used 94812K, capacity 101897K, committed 102016K, reserved 1136640K
  class space    used 12761K, capacity 14107K, committed 14208K, reserved 1048576K
}

Deoptimization events (10 events):
Event: 136.123 Thread 0x000000001b9b5000 Uncommon trap: reason=array_check action=maybe_recompile pc=0x00000000056c69a4 method=java.util.TimSort.reverseRange([Ljava/lang/Object;II)V @ 27
Event: 136.489 Thread 0x000000001b9b5800 Uncommon trap: reason=array_check action=maybe_recompile pc=0x00000000057e34f0 method=java.util.TimSort.mergeHi(IIII)V @ 101
Event: 136.490 Thread 0x000000001b9b5800 Uncommon trap: reason=array_check action=maybe_recompile pc=0x00000000057e34f0 method=java.util.TimSort.mergeHi(IIII)V @ 101
Event: 136.490 Thread 0x000000001b9b5800 Uncommon trap: reason=array_check action=maybe_recompile pc=0x00000000057e34f0 method=java.util.TimSort.mergeHi(IIII)V @ 101
Event: 136.490 Thread 0x000000001b9b5800 Uncommon trap: reason=array_check action=maybe_recompile pc=0x0000000004088714 method=java.util.TimSort.mergeLo(IIII)V @ 81
Event: 136.490 Thread 0x000000001b9b5800 Uncommon trap: reason=array_check action=maybe_recompile pc=0x00000000057e34f0 method=java.util.TimSort.mergeHi(IIII)V @ 101
Event: 136.491 Thread 0x000000001b9b5800 Uncommon trap: reason=array_check action=maybe_recompile pc=0x0000000004088714 method=java.util.TimSort.mergeLo(IIII)V @ 81
Event: 136.491 Thread 0x000000001b9b5800 Uncommon trap: reason=array_check action=maybe_recompile pc=0x0000000004088714 method=java.util.TimSort.mergeLo(IIII)V @ 81
Event: 136.491 Thread 0x000000001b9b5800 Uncommon trap: reason=array_check action=maybe_recompile pc=0x0000000004088714 method=java.util.TimSort.mergeLo(IIII)V @ 81
Event: 136.493 Thread 0x000000001b9b5800 Uncommon trap: reason=array_check action=maybe_recompile pc=0x000000000469c16c method=java.util.TimSort.mergeLo(IIII)V @ 212

Classes redefined (0 events):
No events

Internal exceptions (10 events):
Event: 135.987 Thread 0x000000001b7cd000 Exception <a 'sun/nio/fs/WindowsException'> (0x00000000f6990348) thrown at [C:\src\AOSP-openjdk-git\hotspot\src\share\vm\prims\jni.cpp, line 710]
Event: 135.987 Thread 0x000000001b7cd000 Exception <a 'sun/nio/fs/WindowsException'> (0x00000000f6990dc8) thrown at [C:\src\AOSP-openjdk-git\hotspot\src\share\vm\prims\jni.cpp, line 710]
Event: 135.987 Thread 0x000000001b7cd000 Exception <a 'sun/nio/fs/WindowsException'> (0x00000000f6991320) thrown at [C:\src\AOSP-openjdk-git\hotspot\src\share\vm\prims\jni.cpp, line 710]
Event: 135.987 Thread 0x000000001b7cd000 Exception <a 'sun/nio/fs/WindowsException'> (0x00000000f6992178) thrown at [C:\src\AOSP-openjdk-git\hotspot\src\share\vm\prims\jni.cpp, line 710]
Event: 136.004 Thread 0x000000001b7c5800 Implicit null exception at 0x00000000056ce6cf to 0x00000000056d045d
Event: 136.158 Thread 0x000000001b9b7000 Exception <a 'sun/nio/fs/WindowsException'> (0x00000000f6d94190) thrown at [C:\src\AOSP-openjdk-git\hotspot\src\share\vm\prims\jni.cpp, line 710]
Event: 136.288 Thread 0x000000001b9b7000 Exception <a 'sun/nio/fs/WindowsException'> (0x00000000f71b8760) thrown at [C:\src\AOSP-openjdk-git\hotspot\src\share\vm\prims\jni.cpp, line 710]
Event: 136.301 Thread 0x000000001b9b7000 Exception <a 'sun/nio/fs/WindowsException'> (0x00000000f7272488) thrown at [C:\src\AOSP-openjdk-git\hotspot\src\share\vm\prims\jni.cpp, line 710]
Event: 136.336 Thread 0x000000001b9b7000 Exception <a 'sun/nio/fs/WindowsException'> (0x00000000f72fa190) thrown at [C:\src\AOSP-openjdk-git\hotspot\src\share\vm\prims\jni.cpp, line 710]
Event: 136.344 Thread 0x000000001b9b7000 Exception <a 'sun/nio/fs/WindowsException'> (0x00000000f7301548) thrown at [C:\src\AOSP-openjdk-git\hotspot\src\share\vm\prims\jni.cpp, line 710]

Events (10 events):
Event: 136.491 Thread 0x000000001b9b5800 DEOPT UNPACKING pc=0x000000000281557b sp=0x000000002bfbd4b8 mode 2
Event: 136.491 Thread 0x000000001b9b5800 Uncommon trap: trap_request=0xffffffd6 fr.pc=0x0000000004088714
Event: 136.491 Thread 0x000000001b9b5800 DEOPT PACKING pc=0x0000000004088714 sp=0x000000002bfbd4d0
Event: 136.491 Thread 0x000000001b9b5800 DEOPT UNPACKING pc=0x000000000281557b sp=0x000000002bfbd4b8 mode 2
Event: 136.491 Thread 0x000000001b9b5800 Uncommon trap: trap_request=0xffffffd6 fr.pc=0x0000000004088714
Event: 136.491 Thread 0x000000001b9b5800 DEOPT PACKING pc=0x0000000004088714 sp=0x000000002bfbd4d0
Event: 136.491 Thread 0x000000001b9b5800 DEOPT UNPACKING pc=0x000000000281557b sp=0x000000002bfbd4b8 mode 2
Event: 136.493 Thread 0x000000001b9b5800 Uncommon trap: trap_request=0xffffffd6 fr.pc=0x000000000469c16c
Event: 136.493 Thread 0x000000001b9b5800 DEOPT PACKING pc=0x000000000469c16c sp=0x000000002bfbd4c0
Event: 136.493 Thread 0x000000001b9b5800 DEOPT UNPACKING pc=0x000000000281557b sp=0x000000002bfbd4b8 mode 2


Dynamic libraries:
0x00007ff61c920000 - 0x00007ff61c951000 	C:\Program Files\Android\Android Studio\jre\bin\java.exe
0x00007ffd1f0f0000 - 0x00007ffd1f2e5000 	C:\Windows\SYSTEM32\ntdll.dll
0x00007ffd1d680000 - 0x00007ffd1d73d000 	C:\Windows\System32\KERNEL32.DLL
0x00007ffd1ce00000 - 0x00007ffd1d0c8000 	C:\Windows\System32\KERNELBASE.dll
0x00007ffd1e6d0000 - 0x00007ffd1e77c000 	C:\Windows\System32\ADVAPI32.dll
0x00007ffd1e780000 - 0x00007ffd1e81e000 	C:\Windows\System32\msvcrt.dll
0x00007ffd1edb0000 - 0x00007ffd1ee4b000 	C:\Windows\System32\sechost.dll
0x00007ffd1ee50000 - 0x00007ffd1ef7b000 	C:\Windows\System32\RPCRT4.dll
0x00007ffd1ec10000 - 0x00007ffd1edb0000 	C:\Windows\System32\USER32.dll
0x00007ffd1cae0000 - 0x00007ffd1cb02000 	C:\Windows\System32\win32u.dll
0x00007ffd1d1b0000 - 0x00007ffd1d1da000 	C:\Windows\System32\GDI32.dll
0x00007ffd1cbf0000 - 0x00007ffd1ccfb000 	C:\Windows\System32\gdi32full.dll
0x00007ffd1ca40000 - 0x00007ffd1cadd000 	C:\Windows\System32\msvcp_win.dll
0x00007ffd1cd00000 - 0x00007ffd1ce00000 	C:\Windows\System32\ucrtbase.dll
0x00007ffd07220000 - 0x00007ffd074ba000 	C:\Windows\WinSxS\amd64_microsoft.windows.common-controls_6595b64144ccf1df_6.0.19041.844_none_ca00b6081b84eb1d\COMCTL32.dll
0x00007ffd1d650000 - 0x00007ffd1d680000 	C:\Windows\System32\IMM32.DLL
0x0000000054cc0000 - 0x0000000054d92000 	C:\Program Files\Android\Android Studio\jre\jre\bin\msvcr100.dll
0x0000000054e80000 - 0x00000000556cb000 	C:\Program Files\Android\Android Studio\jre\jre\bin\server\jvm.dll
0x00007ffd1d7b0000 - 0x00007ffd1d7b8000 	C:\Windows\System32\PSAPI.DLL
0x00007ffd12230000 - 0x00007ffd12257000 	C:\Windows\SYSTEM32\WINMM.dll
0x00007ffd06680000 - 0x00007ffd06689000 	C:\Windows\SYSTEM32\WSOCK32.dll
0x00007ffd12260000 - 0x00007ffd1226a000 	C:\Windows\SYSTEM32\VERSION.dll
0x00007ffd1d740000 - 0x00007ffd1d7ab000 	C:\Windows\System32\ws2_32.DLL
0x00007ffd18100000 - 0x00007ffd1810f000 	C:\Program Files\Android\Android Studio\jre\jre\bin\verify.dll
0x00007ffd0a9c0000 - 0x00007ffd0a9e9000 	C:\Program Files\Android\Android Studio\jre\jre\bin\java.dll
0x00007ffd0b280000 - 0x00007ffd0b296000 	C:\Program Files\Android\Android Studio\jre\jre\bin\zip.dll
0x00007ffd1d850000 - 0x00007ffd1df92000 	C:\Windows\System32\SHELL32.dll
0x00007ffd1a970000 - 0x00007ffd1b101000 	C:\Windows\SYSTEM32\windows.storage.dll
0x00007ffd1e820000 - 0x00007ffd1eb75000 	C:\Windows\System32\combase.dll
0x00007ffd1c1d0000 - 0x00007ffd1c1fc000 	C:\Windows\SYSTEM32\Wldp.dll
0x00007ffd1d290000 - 0x00007ffd1d33e000 	C:\Windows\System32\SHCORE.dll
0x00007ffd1e120000 - 0x00007ffd1e175000 	C:\Windows\System32\shlwapi.dll
0x00007ffd1c770000 - 0x00007ffd1c78f000 	C:\Windows\SYSTEM32\profapi.dll
0x00007ffd07e50000 - 0x00007ffd07e6a000 	C:\Program Files\Android\Android Studio\jre\jre\bin\net.dll
0x00007ffd1bf40000 - 0x00007ffd1bfaa000 	C:\Windows\system32\mswsock.dll
0x00007ffd07e00000 - 0x00007ffd07e13000 	C:\Program Files\Android\Android Studio\jre\jre\bin\nio.dll
0x00007ffd07980000 - 0x00007ffd079a6000 	C:\Users\shokimurti\.gradle\native\fdc75f09e3144964f2cf3f50f0aa648679c211496f362492102eb8c894070792\windows-amd64\native-platform.dll
0x00007ffcf9220000 - 0x00007ffcf93b1000 	C:\Users\shokimurti\.gradle\native\12488b8bf47d2d4c9fbf2f6322a914ad602e24e48041cd04a747c6da556b65c4\windows-amd64\native-platform-file-events.dll
0x00007ffd12600000 - 0x00007ffd1260d000 	C:\Program Files\Android\Android Studio\jre\jre\bin\management.dll
0x00007ffd1c110000 - 0x00007ffd1c128000 	C:\Windows\SYSTEM32\CRYPTSP.dll
0x00007ffd1b8e0000 - 0x00007ffd1b914000 	C:\Windows\system32\rsaenh.dll
0x00007ffd1cb10000 - 0x00007ffd1cb37000 	C:\Windows\System32\bcrypt.dll
0x00007ffd1c730000 - 0x00007ffd1c75e000 	C:\Windows\SYSTEM32\USERENV.dll
0x00007ffd1d0d0000 - 0x00007ffd1d150000 	C:\Windows\System32\bcryptprimitives.dll
0x00007ffd1c130000 - 0x00007ffd1c13c000 	C:\Windows\SYSTEM32\CRYPTBASE.dll
0x00007ffd1bc30000 - 0x00007ffd1bc6b000 	C:\Windows\SYSTEM32\IPHLPAPI.DLL
0x00007ffd1d7c0000 - 0x00007ffd1d7c8000 	C:\Windows\System32\NSI.dll
0x00007ffd15b60000 - 0x00007ffd15b77000 	C:\Windows\SYSTEM32\dhcpcsvc6.DLL
0x00007ffd15710000 - 0x00007ffd1572d000 	C:\Windows\SYSTEM32\dhcpcsvc.DLL
0x00007ffd1bc70000 - 0x00007ffd1bd3c000 	C:\Windows\SYSTEM32\DNSAPI.dll
0x00007ffd15ba0000 - 0x00007ffd15bab000 	C:\Windows\SYSTEM32\WINNSI.DLL
0x00007ffd07af0000 - 0x00007ffd07b14000 	C:\Program Files\Android\Android Studio\jre\jre\bin\sunec.dll
0x00007ffd12220000 - 0x00007ffd1222a000 	C:\Windows\System32\rasadhlp.dll
0x00007ffd120e0000 - 0x00007ffd1215f000 	C:\Windows\System32\fwpuclnt.dll
0x00007ffd12520000 - 0x00007ffd1252b000 	C:\Program Files\Android\Android Studio\jre\jre\bin\sunmscapi.dll
0x00007ffd1c8e0000 - 0x00007ffd1ca3f000 	C:\Windows\System32\CRYPT32.dll
0x00007ffd1b570000 - 0x00007ffd1b5a3000 	C:\Windows\SYSTEM32\ntmarta.dll

VM Arguments:
jvm_args: -XX:MaxMetaspaceSize=256m -XX:+HeapDumpOnOutOfMemoryError -Xms256m -Xmx512m -Dfile.encoding=windows-1254 -Duser.country=TR -Duser.language=tr -Duser.variant 
java_command: org.gradle.launcher.daemon.bootstrap.GradleDaemon 6.7
java_class_path (initial): C:\Users\shokimurti\.gradle\wrapper\dists\gradle-6.7-all\cuy9mc7upwgwgeb72wkcrupxe\gradle-6.7\lib\gradle-launcher-6.7.jar
Launcher Type: SUN_STANDARD

Environment Variables:
PATH=C:\Program Files (x86)\Common Files\Oracle\Java\javapath;C:\Windows\system32;C:\Windows;C:\Windows\System32\Wbem;C:\Windows\System32\WindowsPowerShell\v1.0\;C:\Windows\System32\OpenSSH\;C:\Program Files\nodejs\;C:\Program Files\Git\cmd;C:\Ruby27-x64\bin;C:\Users\shokimurti\AppData\Local\Programs\Python\Python39\Scripts\;C:\Users\shokimurti\AppData\Local\Programs\Python\Python39\;C:\Users\shokimurti\AppData\Local\Microsoft\WindowsApps;C:\Users\shokimurti\AppData\Local\Programs\Microsoft VS Code\bin;C:\Program Files\JetBrains\WebStorm 2020.3.2\bin;;C:\Users\shokimurti\AppData\Roaming\npm;C:\Users\shokimurti\AppData\Local\GitHubDesktop\bin;C:\Program Files\heroku\bin
USERNAME=shokimurti
OS=Windows_NT
PROCESSOR_IDENTIFIER=AMD64 Family 23 Model 24 Stepping 1, AuthenticAMD



---------------  S Y S T E M  ---------------

OS: Windows 10.0 , 64 bit Build 19041 (10.0.19041.928)

CPU:total 8 (initial active 8) (8 cores per cpu, 1 threads per core) family 23 model 24 stepping 1, cmov, cx8, fxsr, mmx, sse, sse2, sse3, ssse3, sse4.1, sse4.2, popcnt, avx, avx2, aes, clmul, mmxext, 3dnowpref, lzcnt, sse4a, tsc, tscinvbit, tscinv, bmi1

Memory: 4k page, physical 6228620k(213468k free), swap 25102988k(4376k free)

vm_info: OpenJDK 64-Bit Server VM (25.242-b01) for windows-amd64 JRE (1.8.0_242-release-1644-b01), built by "builder" with MS VC++ 10.0 (VS2010)

time: Sat May 15 14:52:59 2021
timezone: Türkiye Standart Saati
elapsed time: 136 seconds (0d 0h 2m 16s)

